<?xml version="1.0" encoding="UTF-8"?>
<!-- Generated by org.testng.reporters.JUnitReportReporter -->
<testsuite hostname="Devil" failures="0" tests="17" name="runner.TestRunner" time="106.665" errors="0" timestamp="2025-09-10T00:19:17 IST" skipped="0">
  <testcase classname="runner.TestRunner" name="runScenario" time="4.460"/>
  <testcase classname="runner.TestRunner" name="runScenario" time="3.601"/>
  <testcase classname="runner.TestRunner" name="runScenario" time="10.560"/>
  <testcase classname="runner.TestRunner" name="runScenario" time="5.693"/>
  <testcase classname="runner.TestRunner" name="runScenario" time="6.274"/>
  <testcase classname="runner.TestRunner" name="runScenario" time="6.870"/>
  <testcase classname="runner.TestRunner" name="runScenario" time="4.765"/>
  <testcase classname="runner.TestRunner" name="runScenario" time="5.474"/>
  <testcase classname="runner.TestRunner" name="runScenario" time="3.354"/>
  <testcase classname="runner.TestRunner" name="runScenario" time="4.589"/>
  <testcase classname="runner.TestRunner" name="runScenario" time="12.744"/>
  <testcase classname="runner.TestRunner" name="runScenario" time="6.093"/>
  <testcase classname="runner.TestRunner" name="runScenario" time="11.884"/>
  <testcase classname="runner.TestRunner" name="runScenario" time="4.547"/>
  <testcase classname="runner.TestRunner" name="runScenario" time="6.328"/>
  <testcase classname="runner.TestRunner" name="runScenario" time="4.111"/>
  <testcase classname="runner.TestRunner" name="runScenario" time="5.318"/>
</testsuite> <!-- runner.TestRunner -->
