<?xml version="1.0" encoding="UTF-8"?>
<!-- Generated by org.testng.reporters.JUnitReportReporter -->
<testsuite hostname="Devil" failures="0" tests="17" name="runners.TestrunnertestNG" time="109.594" errors="0" timestamp="2025-09-10T03:20:07 IST" skipped="0">
  <testcase classname="runners.TestrunnertestNG" name="runScenario" time="4.209"/>
  <testcase classname="runners.TestrunnertestNG" name="runScenario" time="6.418"/>
  <testcase classname="runners.TestrunnertestNG" name="runScenario" time="4.468"/>
  <testcase classname="runners.TestrunnertestNG" name="runScenario" time="5.330"/>
  <testcase classname="runners.TestrunnertestNG" name="runScenario" time="4.330"/>
  <testcase classname="runners.TestrunnertestNG" name="runScenario" time="4.486"/>
  <testcase classname="runners.TestrunnertestNG" name="runScenario" time="3.604"/>
  <testcase classname="runners.TestrunnertestNG" name="runScenario" time="12.852"/>
  <testcase classname="runners.TestrunnertestNG" name="runScenario" time="5.988"/>
  <testcase classname="runners.TestrunnertestNG" name="runScenario" time="3.086"/>
  <testcase classname="runners.TestrunnertestNG" name="runScenario" time="13.508"/>
  <testcase classname="runners.TestrunnertestNG" name="runScenario" time="10.754"/>
  <testcase classname="runners.TestrunnertestNG" name="runScenario" time="6.054"/>
  <testcase classname="runners.TestrunnertestNG" name="runScenario" time="4.636"/>
  <testcase classname="runners.TestrunnertestNG" name="runScenario" time="6.057"/>
  <testcase classname="runners.TestrunnertestNG" name="runScenario" time="6.749"/>
  <testcase classname="runners.TestrunnertestNG" name="runScenario" time="7.065"/>
</testsuite> <!-- runners.TestrunnertestNG -->
