<?xml version="1.0" encoding="UTF-8"?>
<!-- Generated by org.testng.reporters.JUnitReportReporter -->
<testsuite hostname="Devil" failures="0" tests="6" name="stepdefinitions.UserRegistrationSteps" time="41.420" errors="0" timestamp="2025-09-08T23:28:05 IST" skipped="0">
  <testcase classname="stepdefinitions.UserRegistrationSteps" name="testUserRegistration" time="6.720"/>
  <testcase classname="stepdefinitions.UserRegistrationSteps" name="testUserLogin" time="9.732"/>
  <testcase classname="stepdefinitions.UserRegistrationSteps" name="testUserLoginWithWrongCredentials" time="5.502"/>
  <testcase classname="stepdefinitions.UserRegistrationSteps" name="forgotpassword" time="5.883"/>
  <testcase classname="stepdefinitions.UserRegistrationSteps" name="profileupdate" time="7.597"/>
  <testcase classname="stepdefinitions.UserRegistrationSteps" name="orderhistory" time="5.986"/>
</testsuite> <!-- stepdefinitions.UserRegistrationSteps -->
